生成启动时间为 3/9/2017 22:29:31。
     1>项目“G:\Edmund\Documents\Qt\camerademo\camerademo.vcxproj”在节点 2 上(Build 个目标)。
     1>CustomBuild:
         Moc'ing mainwindow.h...
       ClCompile:
         E:\Visual Studio 2013\VC\bin\x86_amd64\CL.exe /c /I. /IE:\Qt5.5.0\5.5\msvc2013_64\include /IE:\Qt5.5.0\5.5\msvc2013_64\include\QtMultimediaWidgets /IE:\Qt5.5.0\5.5\msvc2013_64\include\QtMultimedia /IE:\Qt5.5.0\5.5\msvc2013_64\include\QtWidgets /IE:\Qt5.5.0\5.5\msvc2013_64\include\QtGui /IE:\Qt5.5.0\5.5\msvc2013_64\include\QtANGLE /IE:\Qt5.5.0\5.5\msvc2013_64\include\QtNetwork /IE:\Qt5.5.0\5.5\msvc2013_64\include\QtCore /Idebug /I. /I"E:\Qt5.5.0\5.5\msvc2013_64\mkspecs\win32-msvc2013" /I.\GeneratedFiles /Zi /nologo /W3 /WX- /Od /D _WINDOWS /D UNICODE /D WIN32 /D WIN64 /D QT_MULTIMEDIAWIDGETS_LIB /D QT_MULTIMEDIA_LIB /D QT_WIDGETS_LIB /D QT_GUI_LIB /D QT_NETWORK_LIB /D QT_CORE_LIB /Gm- /EHsc /MDd /GS /fp:precise /Zc:wchar_t /Zc:forScope /GR /Fo"x64\Debug\\" /Fd"x64\Debug\vc120.pdb" /Gd /TP /errorReport:prompt -w34100 -w34189 -w44996 GeneratedFiles\Debug\moc_mainwindow.cpp mainwindow.cpp
         moc_mainwindow.cpp
         mainwindow.cpp
     1>mainwindow.cpp : warning C4819: 该文件包含不能在当前代码页(936)中表示的字符。请将该文件保存为 Unicode 格式以防止数据丢失
     1>mainwindow.cpp(117): warning C4267: “参数”: 从“size_t”转换到“int”，可能丢失数据
     1>mainwindow.cpp(126): warning C4267: “参数”: 从“size_t”转换到“int”，可能丢失数据
     1>mainwindow.cpp(254): warning C4189: “flag”: 局部变量已初始化但不引用
         正在生成代码...
       Link:
         E:\Visual Studio 2013\VC\bin\x86_amd64\link.exe /ERRORREPORT:PROMPT /OUT:"debug\\camerademo.exe" /NOLOGO /LIBPATH:E:\Qt5.5.0\5.5\msvc2013_64\lib /LIBPATH:E:/qt5.5.0/5.5/msvc2013_64/lib /LIBPATH:E:\Qt5.5.0\5.5\msvc2013_64\lib E:\Qt5.5.0\5.5\msvc2013_64\lib\qtmaind.lib shell32.lib E:/qt5.5.0/5.5/msvc2013_64/lib\Qt5Cored.lib E:\Qt5.5.0\5.5\msvc2013_64\lib\Qt5MultimediaWidgetsd.lib E:\Qt5.5.0\5.5\msvc2013_64\lib\Qt5Multimediad.lib E:\Qt5.5.0\5.5\msvc2013_64\lib\Qt5Widgetsd.lib E:\Qt5.5.0\5.5\msvc2013_64\lib\Qt5Guid.lib E:\Qt5.5.0\5.5\msvc2013_64\lib\Qt5Networkd.lib E:\Qt5.5.0\5.5\msvc2013_64\lib\Qt5Cored.lib opencv_calib3d249d.lib opencv_contrib249d.lib opencv_core249d.lib opencv_features2d249d.lib opencv_flann249d.lib opencv_gpu249d.lib opencv_highgui249d.lib opencv_imgproc249d.lib opencv_legacy249d.lib opencv_ml249d.lib opencv_nonfree249d.lib opencv_objdetect249d.lib opencv_ocl249d.lib opencv_photo249d.lib opencv_stitching249d.lib opencv_superres249d.lib opencv_ts249d.lib opencv_video249d.lib opencv_videostab249d.lib kernel32.lib user32.lib gdi32.lib winspool.lib comdlg32.lib advapi32.lib shell32.lib ole32.lib oleaut32.lib uuid.lib odbc32.lib odbccp32.lib /MANIFEST /MANIFESTUAC:"level='asInvoker' uiAccess='false'" /manifest:embed /DEBUG /PDB:"debug\camerademo.pdb" /SUBSYSTEM:WINDOWS /TLBID:1 /DYNAMICBASE /NXCOMPAT /MACHINE:X64 "/MANIFESTDEPENDENCY:type='win32' name='Microsoft.Windows.Common-Controls' version='6.0.0.0' publicKeyToken='6595b64144ccf1df' language='*' processorArchitecture='*'" x64\Debug\moc_mainwindow.obj
         x64\Debug\main.obj
         x64\Debug\mainwindow.obj
         camerademo.vcxproj -> G:\Edmund\Documents\Qt\camerademo\debug\camerademo.exe
     1>已完成生成项目“G:\Edmund\Documents\Qt\camerademo\camerademo.vcxproj”(Build 个目标)的操作。

生成成功。

已用时间 00:00:03.33
